<?xml version="1.0" encoding="UTF-8"?>
<!-- Generated by org.testng.reporters.JUnitReportReporter -->
<testsuite hostname="DESKTOP-589TQCO" failures="0" tests="1" name="lab.ManageDemandTest" time="0.023" errors="0" timestamp="2022-04-01T20:51:33 PET" skipped="0">
  <testcase classname="lab.ManageDemandTest" name="test_AllOrdersFromPeru" time="0.023"/>
</testsuite> <!-- lab.ManageDemandTest -->
